<?xml version="1.0" encoding="UTF-8"?>
<!-- Generated by org.testng.reporters.JUnitReportReporter -->
<testsuite hostname="LAPTOP-3F2IV7FC" failures="0" tests="3" name="testcases.Configure" time="2.396" errors="0" timestamp="10 Sep 2021 22:01:17 GMT" skipped="0">
  <testcase classname="testcases.Configure" name="VerifyUserOnConfigurePimPage" time="1.060"/>
  <testcase classname="testcases.Configure" name="VerifyStatusOfCheckBoxesBeforeEdit" time="0.185"/>
  <testcase classname="testcases.Configure" name="Updatecheckboxes" time="1.151"/>
</testsuite> <!-- testcases.Configure -->
