<?xml version="1.0" encoding="UTF-8"?>
<!-- Generated by org.testng.reporters.JUnitReportReporter -->
<testsuite hostname="LAPTOP-3F2IV7FC" failures="0" tests="3" name="testcases.Buzz" time="7.425" errors="0" timestamp="10 Sep 2021 22:01:17 GMT" skipped="0">
  <testcase classname="testcases.Buzz" name="VerifyUserAddPostSuccessfully" time="5.713"/>
  <testcase classname="testcases.Buzz" name="VerifyImagePostSuccessfully" time="0.546"/>
  <testcase classname="testcases.Buzz" name="VerifyPostDeletedSuccessfully" time="1.166"/>
</testsuite> <!-- testcases.Buzz -->
