<?xml version="1.0" encoding="UTF-8"?>
<!-- Generated by org.testng.reporters.JUnitReportReporter -->
<testsuite hostname="LAPTOP-3F2IV7FC" failures="0" tests="1" name="testcases.Admin_Feature" time="0.000" errors="0" timestamp="20 Jun 2021 17:09:24 GMT" skipped="1">
  <testcase classname="testcases.Admin_Feature" name="Admin" time="0.000">
    <skipped/>
  </testcase> <!-- Admin -->
</testsuite> <!-- testcases.Admin_Feature -->
