<?xml version="1.0" encoding="UTF-8"?>
<!-- Generated by org.testng.reporters.JUnitReportReporter -->
<testsuite hostname="LAPTOP-3F2IV7FC" failures="0" tests="4" name="testcases.DataImport" time="3.057" errors="0" timestamp="10 Sep 2021 22:01:17 GMT" skipped="0">
  <testcase classname="testcases.DataImport" name="ValidateUserLandOnCorrectPage" time="1.231"/>
  <testcase classname="testcases.DataImport" name="VerifyFileSuccessfullyDownloaded" time="0.125"/>
  <testcase classname="testcases.DataImport" name="ValidateFileuploadSuccessfully" time="0.987"/>
  <testcase classname="testcases.DataImport" name="ValidationErrorShowOnEmptyFile" time="0.714"/>
</testsuite> <!-- testcases.DataImport -->
