<?xml version="1.0" encoding="UTF-8"?>
<!-- Generated by org.testng.reporters.JUnitReportReporter -->
<testsuite hostname="LAPTOP-3F2IV7FC" failures="0" tests="1" name="testcases.Subscribe" time="10.046" errors="0" timestamp="10 Sep 2021 22:01:17 GMT" skipped="0">
  <testcase classname="testcases.Subscribe" name="successfullySubscribeEmail" time="10.046"/>
</testsuite> <!-- testcases.Subscribe -->
