<?xml version="1.0" encoding="UTF-8"?>
<!-- Generated by org.testng.reporters.JUnitReportReporter -->
<testsuite hostname="LAPTOP-3F2IV7FC" failures="0" tests="6" name="testcases.AddEmployee" time="11.910" errors="0" timestamp="10 Sep 2021 22:01:17 GMT" skipped="0">
  <testcase classname="testcases.AddEmployee" name="VerifyUserOnAddEmployeeSection" time="0.937"/>
  <testcase classname="testcases.AddEmployee" name="VerifyAddEmployee" time="2.117"/>
  <testcase classname="testcases.AddEmployee" name="VerifyAddEmployee" time="2.586"/>
  <testcase classname="testcases.AddEmployee" name="VerifyAddEmployee" time="2.171"/>
  <testcase classname="testcases.AddEmployee" name="VerifyAddEmployee" time="2.114"/>
  <testcase classname="testcases.AddEmployee" name="VerifyAddEmployee" time="1.985"/>
</testsuite> <!-- testcases.AddEmployee -->
