<?xml version="1.0" encoding="UTF-8"?>
<!-- Generated by org.testng.reporters.JUnitReportReporter -->
<testsuite hostname="LAPTOP-3F2IV7FC" failures="0" tests="1" name="testcases.Logout" time="3.078" errors="0" timestamp="12 Sep 2021 08:47:39 GMT" skipped="0">
  <testcase classname="testcases.Logout" name="logout" time="3.078"/>
</testsuite> <!-- testcases.Logout -->
