<?xml version="1.0" encoding="UTF-8"?>
<!-- Generated by org.testng.reporters.JUnitReportReporter -->
<testsuite hostname="LAPTOP-3F2IV7FC" failures="0" tests="2" name="testcases.DeleteEmployee" time="11.188" errors="0" timestamp="10 Sep 2021 22:01:17 GMT" skipped="0">
  <testcase classname="testcases.DeleteEmployee" name="DeleteEmployeeSelectedRecord" time="10.467"/>
  <testcase classname="testcases.DeleteEmployee" name="VerifyDeletedRecordNotFoundInList" time="0.721"/>
</testsuite> <!-- testcases.DeleteEmployee -->
