<?xml version="1.0" encoding="UTF-8"?>
<!-- Generated by org.testng.reporters.JUnitReportReporter -->
<testsuite hostname="LAPTOP-3F2IV7FC" failures="0" tests="3" name="testcases.Add_JobTittle" time="0.000" errors="0" timestamp="20 Jun 2021 17:09:24 GMT" skipped="3">
  <testcase classname="testcases.Add_JobTittle" name="add_JobTittle" time="0.000">
    <skipped/>
  </testcase> <!-- add_JobTittle -->
  <testcase classname="testcases.Add_JobTittle" name="add_JobTittle" time="0.000">
    <skipped/>
  </testcase> <!-- add_JobTittle -->
  <testcase classname="testcases.Add_JobTittle" name="add_JobTittle" time="0.000">
    <skipped/>
  </testcase> <!-- add_JobTittle -->
</testsuite> <!-- testcases.Add_JobTittle -->
