<?xml version="1.0" encoding="UTF-8"?>
<!-- Generated by org.testng.reporters.JUnitReportReporter -->
<testsuite hostname="LAPTOP-3F2IV7FC" failures="0" tests="3" name="testcases.ReportingMethod" time="3.104" errors="0" timestamp="10 Sep 2021 22:01:17 GMT" skipped="0">
  <testcase classname="testcases.ReportingMethod" name="ValidateUserLandOnAReportingMethods" time="1.023"/>
  <testcase classname="testcases.ReportingMethod" name="VerifyAddReportingMethod" time="1.144"/>
  <testcase classname="testcases.ReportingMethod" name="VerifyReportingMethodDeleteSuccessfully" time="0.937"/>
</testsuite> <!-- testcases.ReportingMethod -->
